
fcount : 1 (4.14021e-169 % of compl. enum.)
fcount : 0.001k (4.14021e-169 % of compl. enum.)
n_c/np : 0.743191 (=n_c/np with n_c = 191, np = 257)
Qmod   : 0.257097
Q      : -0.000287665
----------------------------------------------------
fcount : 2 (8.28042e-169 % of compl. enum.)
fcount : 0.002k (8.28042e-169 % of compl. enum.)
n_c/np : 0.715953 (=n_c/np with n_c = 184, np = 257)
Qmod   : 0.256643
Q      : 0.0274039
----------------------------------------------------
fcount : 7 (2.89815e-168 % of compl. enum.)
fcount : 0.007k (2.89815e-168 % of compl. enum.)
n_c/np : 0.708171 (=n_c/np with n_c = 182, np = 257)
Qmod   : 0.25665
Q      : 0.0351784
----------------------------------------------------
fcount : 24 (9.93651e-168 % of compl. enum.)
fcount : 0.024k (9.93651e-168 % of compl. enum.)
n_c/np : 0.70428 (=n_c/np with n_c = 181, np = 257)
Qmod   : 0.252699
Q      : 0.0430211
----------------------------------------------------
fcount : 54 (2.23571e-167 % of compl. enum.)
fcount : 0.054k (2.23571e-167 % of compl. enum.)
n_c/np : 0.70428 (=n_c/np with n_c = 181, np = 257)
Qmod   : 0.251866
Q      : 0.0438538
----------------------------------------------------
fcount : 69 (2.85675e-167 % of compl. enum.)
fcount : 0.069k (2.85675e-167 % of compl. enum.)
n_c/np : 0.692607 (=n_c/np with n_c = 178, np = 257)
Qmod   : 0.250791
Q      : 0.0566019
----------------------------------------------------
fcount : 261 (1.0806e-166 % of compl. enum.)
fcount : 0.261k (1.0806e-166 % of compl. enum.)
n_c/np : 0.677043 (=n_c/np with n_c = 174, np = 257)
Qmod   : 0.250254
Q      : 0.0727036
----------------------------------------------------
fcount : 905 (3.74689e-166 % of compl. enum.)
fcount : 0.905k (3.74689e-166 % of compl. enum.)
n_c/np : 0.653696 (=n_c/np with n_c = 168, np = 257)
Qmod   : 0.253562
Q      : 0.0927418
----------------------------------------------------
fcount : 2.046k (8.47087e-166 % of compl. enum.)
n_c/np : 0.642023 (=n_c/np with n_c = 165, np = 257)
Qmod   : 0.250617
Q      : 0.10736
----------------------------------------------------
fcount : 2.825k (1.16961e-165 % of compl. enum.)
n_c/np : 0.634241 (=n_c/np with n_c = 163, np = 257)
Qmod   : 0.252457
Q      : 0.113302
----------------------------------------------------
fcount : 4.593k (1.9016e-165 % of compl. enum.)
n_c/np : 0.63035 (=n_c/np with n_c = 162, np = 257)
Qmod   : 0.252411
Q      : 0.117239
----------------------------------------------------
fcount : 5.477k (2.26759e-165 % of compl. enum.)
n_c/np : 0.607004 (=n_c/np with n_c = 156, np = 257)
Qmod   : 0.263388
Q      : 0.129608
----------------------------------------------------
fcount : 7.503k (3.1064e-165 % of compl. enum.)
n_c/np : 0.614786 (=n_c/np with n_c = 158, np = 257)
Qmod   : 0.252668
Q      : 0.132546
----------------------------------------------------
fcount : 7.561k (3.13041e-165 % of compl. enum.)
n_c/np : 0.603113 (=n_c/np with n_c = 155, np = 257)
Qmod   : 0.264054
Q      : 0.132833
----------------------------------------------------
fcount : 8.585k (3.55437e-165 % of compl. enum.)
n_c/np : 0.610895 (=n_c/np with n_c = 157, np = 257)
Qmod   : 0.253168
Q      : 0.135937
----------------------------------------------------
fcount : 9.715k (4.02221e-165 % of compl. enum.)
n_c/np : 0.610895 (=n_c/np with n_c = 157, np = 257)
Qmod   : 0.253153
Q      : 0.135952
----------------------------------------------------
fcount : 11.134k (4.60971e-165 % of compl. enum.)
n_c/np : 0.610895 (=n_c/np with n_c = 157, np = 257)
Qmod   : 0.252646
Q      : 0.136459
----------------------------------------------------
fcount : 11.246k (4.65608e-165 % of compl. enum.)
n_c/np : 0.610895 (=n_c/np with n_c = 157, np = 257)
Qmod   : 0.251018
Q      : 0.138087
----------------------------------------------------
fcount : 11.457k (4.74344e-165 % of compl. enum.)
n_c/np : 0.607004 (=n_c/np with n_c = 156, np = 257)
Qmod   : 0.250942
Q      : 0.142054
----------------------------------------------------
fcount : 12.146k (5.0287e-165 % of compl. enum.)
n_c/np : 0.603113 (=n_c/np with n_c = 155, np = 257)
Qmod   : 0.253032
Q      : 0.143855
----------------------------------------------------
fcount : 13.096k (5.42202e-165 % of compl. enum.)
n_c/np : 0.59144 (=n_c/np with n_c = 152, np = 257)
Qmod   : 0.255129
Q      : 0.153432
----------------------------------------------------
fcount : 14.233k (5.89276e-165 % of compl. enum.)
n_c/np : 0.59144 (=n_c/np with n_c = 152, np = 257)
Qmod   : 0.254735
Q      : 0.153825
----------------------------------------------------
fcount : 15.821k (6.55023e-165 % of compl. enum.)
n_c/np : 0.575875 (=n_c/np with n_c = 148, np = 257)
Qmod   : 0.255742
Q      : 0.168383
----------------------------------------------------
fcount : 16.419k (6.79781e-165 % of compl. enum.)
n_c/np : 0.571984 (=n_c/np with n_c = 147, np = 257)
Qmod   : 0.257105
Q      : 0.170911
----------------------------------------------------
fcount : 20.096k (8.32017e-165 % of compl. enum.)
n_c/np : 0.575875 (=n_c/np with n_c = 148, np = 257)
Qmod   : 0.251836
Q      : 0.172289
----------------------------------------------------
fcount : 20.614k (8.53463e-165 % of compl. enum.)
n_c/np : 0.575875 (=n_c/np with n_c = 148, np = 257)
Qmod   : 0.251215
Q      : 0.17291
----------------------------------------------------
fcount : 20.895k (8.65097e-165 % of compl. enum.)
n_c/np : 0.571984 (=n_c/np with n_c = 147, np = 257)
Qmod   : 0.252214
Q      : 0.175801
----------------------------------------------------
fcount : 21.119k (8.74371e-165 % of compl. enum.)
n_c/np : 0.568093 (=n_c/np with n_c = 146, np = 257)
Qmod   : 0.251321
Q      : 0.180586
----------------------------------------------------
fcount : 23.373k (9.67691e-165 % of compl. enum.)
n_c/np : 0.560311 (=n_c/np with n_c = 144, np = 257)
Qmod   : 0.257377
Q      : 0.182312
----------------------------------------------------
fcount : 24.229k (1.00313e-164 % of compl. enum.)
n_c/np : 0.55642 (=n_c/np with n_c = 143, np = 257)
Qmod   : 0.254137
Q      : 0.189443
----------------------------------------------------
fcount : 25.641k (1.06159e-164 % of compl. enum.)
n_c/np : 0.55642 (=n_c/np with n_c = 143, np = 257)
Qmod   : 0.251192
Q      : 0.192387
----------------------------------------------------
fcount : 25.897k (1.07219e-164 % of compl. enum.)
n_c/np : 0.552529 (=n_c/np with n_c = 142, np = 257)
Qmod   : 0.250079
Q      : 0.197391
----------------------------------------------------
fcount : 26.82k (1.1104e-164 % of compl. enum.)
n_c/np : 0.548638 (=n_c/np with n_c = 141, np = 257)
Qmod   : 0.250382
Q      : 0.20098
----------------------------------------------------
fcount : 27.548k (1.14055e-164 % of compl. enum.)
n_c/np : 0.540856 (=n_c/np with n_c = 139, np = 257)
Qmod   : 0.252464
Q      : 0.20668
----------------------------------------------------
fcount : 27.958k (1.15752e-164 % of compl. enum.)
n_c/np : 0.536965 (=n_c/np with n_c = 138, np = 257)
Qmod   : 0.252767
Q      : 0.210268
----------------------------------------------------
fcount : 28.541k (1.18166e-164 % of compl. enum.)
n_c/np : 0.525292 (=n_c/np with n_c = 135, np = 257)
Qmod   : 0.254198
Q      : 0.220511
----------------------------------------------------
fcount : 32.235k (1.3346e-164 % of compl. enum.)
n_c/np : 0.521401 (=n_c/np with n_c = 134, np = 257)
Qmod   : 0.251896
Q      : 0.226703
----------------------------------------------------
fcount : 32.446k (1.34333e-164 % of compl. enum.)
n_c/np : 0.521401 (=n_c/np with n_c = 134, np = 257)
Qmod   : 0.251124
Q      : 0.227475
----------------------------------------------------
fcount : 32.964k (1.36478e-164 % of compl. enum.)
n_c/np : 0.51751 (=n_c/np with n_c = 133, np = 257)
Qmod   : 0.251404
Q      : 0.231086
----------------------------------------------------
fcount : 34.477k (1.42742e-164 % of compl. enum.)
n_c/np : 0.513619 (=n_c/np with n_c = 132, np = 257)
Qmod   : 0.255197
Q      : 0.231184
----------------------------------------------------
fcount : 34.492k (1.42804e-164 % of compl. enum.)
n_c/np : 0.509728 (=n_c/np with n_c = 131, np = 257)
Qmod   : 0.254584
Q      : 0.235689
----------------------------------------------------
fcount : 34.951k (1.44705e-164 % of compl. enum.)
n_c/np : 0.505837 (=n_c/np with n_c = 130, np = 257)
Qmod   : 0.257801
Q      : 0.236362
----------------------------------------------------
fcount : 36.325k (1.50393e-164 % of compl. enum.)
n_c/np : 0.505837 (=n_c/np with n_c = 130, np = 257)
Qmod   : 0.250912
Q      : 0.243251
----------------------------------------------------
fcount : 36.542k (1.51292e-164 % of compl. enum.)
n_c/np : 0.501946 (=n_c/np with n_c = 129, np = 257)
Qmod   : 0.253153
Q      : 0.244902
----------------------------------------------------
fcount : 36.945k (1.5296e-164 % of compl. enum.)
n_c/np : 0.486381 (=n_c/np with n_c = 125, np = 257)
Qmod   : 0.254553
Q      : 0.259065
----------------------------------------------------
fcount : 38.712k (1.60276e-164 % of compl. enum.)
n_c/np : 0.48249 (=n_c/np with n_c = 124, np = 257)
Qmod   : 0.253857
Q      : 0.263653
----------------------------------------------------
fcount : 40.194k (1.66412e-164 % of compl. enum.)
n_c/np : 0.478599 (=n_c/np with n_c = 123, np = 257)
Qmod   : 0.254947
Q      : 0.266454
----------------------------------------------------
fcount : 41.228k (1.70693e-164 % of compl. enum.)
n_c/np : 0.478599 (=n_c/np with n_c = 123, np = 257)
Qmod   : 0.253653
Q      : 0.267748
----------------------------------------------------
fcount : 41.409k (1.71442e-164 % of compl. enum.)
n_c/np : 0.474708 (=n_c/np with n_c = 122, np = 257)
Qmod   : 0.25226
Q      : 0.273032
----------------------------------------------------
fcount : 42.054k (1.74112e-164 % of compl. enum.)
n_c/np : 0.470817 (=n_c/np with n_c = 121, np = 257)
Qmod   : 0.253463
Q      : 0.27572
----------------------------------------------------
fcount : 43.986k (1.82111e-164 % of compl. enum.)
n_c/np : 0.470817 (=n_c/np with n_c = 121, np = 257)
Qmod   : 0.252918
Q      : 0.276265
----------------------------------------------------
fcount : 44.039k (1.82331e-164 % of compl. enum.)
n_c/np : 0.466926 (=n_c/np with n_c = 120, np = 257)
Qmod   : 0.253592
Q      : 0.279482
----------------------------------------------------
fcount : 44.859k (1.85726e-164 % of compl. enum.)
n_c/np : 0.463035 (=n_c/np with n_c = 119, np = 257)
Qmod   : 0.253827
Q      : 0.283138
----------------------------------------------------
fcount : 45.602k (1.88802e-164 % of compl. enum.)
n_c/np : 0.459144 (=n_c/np with n_c = 118, np = 257)
Qmod   : 0.254924
Q      : 0.285932
----------------------------------------------------
fcount : 46.285k (1.9163e-164 % of compl. enum.)
n_c/np : 0.459144 (=n_c/np with n_c = 118, np = 257)
Qmod   : 0.254637
Q      : 0.286219
----------------------------------------------------
fcount : 46.464k (1.92371e-164 % of compl. enum.)
n_c/np : 0.451362 (=n_c/np with n_c = 116, np = 257)
Qmod   : 0.258823
Q      : 0.289815
----------------------------------------------------
fcount : 47.789k (1.97857e-164 % of compl. enum.)
n_c/np : 0.455253 (=n_c/np with n_c = 117, np = 257)
Qmod   : 0.25394
Q      : 0.290807
----------------------------------------------------
fcount : 48.257k (1.99794e-164 % of compl. enum.)
n_c/np : 0.451362 (=n_c/np with n_c = 116, np = 257)
Qmod   : 0.253425
Q      : 0.295213
----------------------------------------------------
fcount : 48.349k (2.00175e-164 % of compl. enum.)
n_c/np : 0.451362 (=n_c/np with n_c = 116, np = 257)
Qmod   : 0.250678
Q      : 0.297961
----------------------------------------------------
fcount : 48.417k (2.00457e-164 % of compl. enum.)
n_c/np : 0.447471 (=n_c/np with n_c = 115, np = 257)
Qmod   : 0.251745
Q      : 0.300784
----------------------------------------------------
fcount : 48.74k (2.01794e-164 % of compl. enum.)
n_c/np : 0.44358 (=n_c/np with n_c = 114, np = 257)
Qmod   : 0.255167
Q      : 0.301254
----------------------------------------------------
fcount : 49.382k (2.04452e-164 % of compl. enum.)
n_c/np : 0.439689 (=n_c/np with n_c = 113, np = 257)
Qmod   : 0.251836
Q      : 0.308476
----------------------------------------------------
fcount : 49.771k (2.06062e-164 % of compl. enum.)
n_c/np : 0.439689 (=n_c/np with n_c = 113, np = 257)
Qmod   : 0.251609
Q      : 0.308703
----------------------------------------------------
fcount : 50.39k (2.08625e-164 % of compl. enum.)
n_c/np : 0.439689 (=n_c/np with n_c = 113, np = 257)
Qmod   : 0.251412
Q      : 0.308899
----------------------------------------------------
fcount : 50.728k (2.10025e-164 % of compl. enum.)
n_c/np : 0.435798 (=n_c/np with n_c = 112, np = 257)
Qmod   : 0.253706
Q      : 0.310497
----------------------------------------------------
fcount : 51.403k (2.12819e-164 % of compl. enum.)
n_c/np : 0.431907 (=n_c/np with n_c = 111, np = 257)
Qmod   : 0.252865
Q      : 0.315228
----------------------------------------------------
fcount : 52.694k (2.18164e-164 % of compl. enum.)
n_c/np : 0.424125 (=n_c/np with n_c = 109, np = 257)
Qmod   : 0.254251
Q      : 0.321625
----------------------------------------------------
fcount : 53.449k (2.2129e-164 % of compl. enum.)
n_c/np : 0.420233 (=n_c/np with n_c = 108, np = 257)
Qmod   : 0.2531
Q      : 0.326667
----------------------------------------------------
fcount : 55.132k (2.28258e-164 % of compl. enum.)
n_c/np : 0.412451 (=n_c/np with n_c = 106, np = 257)
Qmod   : 0.252699
Q      : 0.33485
----------------------------------------------------
fcount : 56.128k (2.32382e-164 % of compl. enum.)
n_c/np : 0.412451 (=n_c/np with n_c = 106, np = 257)
Qmod   : 0.252472
Q      : 0.335077
----------------------------------------------------
fcount : 57.302k (2.37242e-164 % of compl. enum.)
n_c/np : 0.40856 (=n_c/np with n_c = 105, np = 257)
Qmod   : 0.252608
Q      : 0.338832
----------------------------------------------------
fcount : 57.424k (2.37747e-164 % of compl. enum.)
n_c/np : 0.40856 (=n_c/np with n_c = 105, np = 257)
Qmod   : 0.25226
Q      : 0.33918
----------------------------------------------------
fcount : 59.214k (2.45158e-164 % of compl. enum.)
n_c/np : 0.40856 (=n_c/np with n_c = 105, np = 257)
Qmod   : 0.250708
Q      : 0.340732
----------------------------------------------------
fcount : 59.454k (2.46152e-164 % of compl. enum.)
n_c/np : 0.404669 (=n_c/np with n_c = 104, np = 257)
Qmod   : 0.251366
Q      : 0.343964
----------------------------------------------------
fcount : 60.995k (2.52532e-164 % of compl. enum.)
n_c/np : 0.400778 (=n_c/np with n_c = 103, np = 257)
Qmod   : 0.251609
Q      : 0.347613
----------------------------------------------------
fcount : 61.393k (2.5418e-164 % of compl. enum.)
n_c/np : 0.396887 (=n_c/np with n_c = 102, np = 257)
Qmod   : 0.251518
Q      : 0.351595
----------------------------------------------------
fcount : 61.864k (2.5613e-164 % of compl. enum.)
n_c/np : 0.392996 (=n_c/np with n_c = 101, np = 257)
Qmod   : 0.253092
Q      : 0.353911
----------------------------------------------------
fcount : 62.13k (2.57231e-164 % of compl. enum.)
n_c/np : 0.385214 (=n_c/np with n_c = 99, np = 257)
Qmod   : 0.254887
Q      : 0.359899
----------------------------------------------------
fcount : 62.312k (2.57985e-164 % of compl. enum.)
n_c/np : 0.385214 (=n_c/np with n_c = 99, np = 257)
Qmod   : 0.250473
Q      : 0.364313
----------------------------------------------------
fcount : 63.975k (2.6487e-164 % of compl. enum.)
n_c/np : 0.381323 (=n_c/np with n_c = 98, np = 257)
Qmod   : 0.253161
Q      : 0.365517
----------------------------------------------------
fcount : 65.544k (2.71366e-164 % of compl. enum.)
n_c/np : 0.381323 (=n_c/np with n_c = 98, np = 257)
Qmod   : 0.25201
Q      : 0.366667
----------------------------------------------------
fcount : 65.859k (2.7267e-164 % of compl. enum.)
n_c/np : 0.373541 (=n_c/np with n_c = 96, np = 257)
Qmod   : 0.252381
Q      : 0.374078
----------------------------------------------------
fcount : 67.891k (2.81083e-164 % of compl. enum.)
n_c/np : 0.36965 (=n_c/np with n_c = 95, np = 257)
Qmod   : 0.253637
Q      : 0.376713
----------------------------------------------------
fcount : 69.075k (2.85985e-164 % of compl. enum.)
n_c/np : 0.36965 (=n_c/np with n_c = 95, np = 257)
Qmod   : 0.252351
Q      : 0.378
----------------------------------------------------
fcount : 69.12k (2.86171e-164 % of compl. enum.)
n_c/np : 0.36965 (=n_c/np with n_c = 95, np = 257)
Qmod   : 0.252002
Q      : 0.378348
----------------------------------------------------
fcount : 69.729k (2.88693e-164 % of compl. enum.)
n_c/np : 0.36965 (=n_c/np with n_c = 95, np = 257)
Qmod   : 0.2507
Q      : 0.37965
----------------------------------------------------
fcount : 70.073k (2.90117e-164 % of compl. enum.)
n_c/np : 0.365759 (=n_c/np with n_c = 94, np = 257)
Qmod   : 0.252154
Q      : 0.382088
----------------------------------------------------
fcount : 71.28k (2.95114e-164 % of compl. enum.)
n_c/np : 0.361868 (=n_c/np with n_c = 93, np = 257)
Qmod   : 0.251011
Q      : 0.387122
----------------------------------------------------
fcount : 71.3k (2.95197e-164 % of compl. enum.)
n_c/np : 0.357977 (=n_c/np with n_c = 92, np = 257)
Qmod   : 0.254364
Q      : 0.387659
----------------------------------------------------
fcount : 73.264k (3.03328e-164 % of compl. enum.)
n_c/np : 0.350195 (=n_c/np with n_c = 90, np = 257)
Qmod   : 0.251064
Q      : 0.398742
----------------------------------------------------
fcount : 77.828k (3.22224e-164 % of compl. enum.)
n_c/np : 0.342412 (=n_c/np with n_c = 88, np = 257)
Qmod   : 0.251101
Q      : 0.406486
----------------------------------------------------
fcount : 79.693k (3.29946e-164 % of compl. enum.)
n_c/np : 0.338521 (=n_c/np with n_c = 87, np = 257)
Qmod   : 0.253244
Q      : 0.408235
----------------------------------------------------
fcount : 79.927k (3.30915e-164 % of compl. enum.)
n_c/np : 0.330739 (=n_c/np with n_c = 85, np = 257)
Qmod   : 0.251533
Q      : 0.417728
----------------------------------------------------
fcount : 84.636k (3.50411e-164 % of compl. enum.)
n_c/np : 0.326848 (=n_c/np with n_c = 84, np = 257)
Qmod   : 0.252562
Q      : 0.420589
----------------------------------------------------
fcount : 85.279k (3.53073e-164 % of compl. enum.)
n_c/np : 0.322957 (=n_c/np with n_c = 83, np = 257)
Qmod   : 0.253168
Q      : 0.423875
----------------------------------------------------
fcount : 85.295k (3.53139e-164 % of compl. enum.)
n_c/np : 0.322957 (=n_c/np with n_c = 83, np = 257)
Qmod   : 0.251677
Q      : 0.425366
----------------------------------------------------
fcount : 87.875k (3.63821e-164 % of compl. enum.)
n_c/np : 0.322957 (=n_c/np with n_c = 83, np = 257)
Qmod   : 0.251215
Q      : 0.425828
----------------------------------------------------
fcount : 88.026k (3.64446e-164 % of compl. enum.)
n_c/np : 0.319066 (=n_c/np with n_c = 82, np = 257)
Qmod   : 0.251245
Q      : 0.429689
----------------------------------------------------
fcount : 90.89k (3.76304e-164 % of compl. enum.)
n_c/np : 0.315175 (=n_c/np with n_c = 81, np = 257)
Qmod   : 0.251881
Q      : 0.432944
----------------------------------------------------
fcount : 91.439k (3.78577e-164 % of compl. enum.)
n_c/np : 0.311284 (=n_c/np with n_c = 80, np = 257)
Qmod   : 0.252093
Q      : 0.436623
----------------------------------------------------
fcount : 92.038k (3.81057e-164 % of compl. enum.)
n_c/np : 0.311284 (=n_c/np with n_c = 80, np = 257)
Qmod   : 0.251775
Q      : 0.436941
----------------------------------------------------
fcount : 93.825k (3.88455e-164 % of compl. enum.)
n_c/np : 0.311284 (=n_c/np with n_c = 80, np = 257)
Qmod   : 0.251245
Q      : 0.437471
----------------------------------------------------
fcount : 94.336k (3.90571e-164 % of compl. enum.)
n_c/np : 0.311284 (=n_c/np with n_c = 80, np = 257)
Qmod   : 0.250882
Q      : 0.437834
----------------------------------------------------
fcount : 94.682k (3.92003e-164 % of compl. enum.)
n_c/np : 0.311284 (=n_c/np with n_c = 80, np = 257)
Qmod   : 0.250367
Q      : 0.438349
----------------------------------------------------
fcount : 95.713k (3.96272e-164 % of compl. enum.)
n_c/np : 0.307393 (=n_c/np with n_c = 79, np = 257)
Qmod   : 0.250367
Q      : 0.44224
----------------------------------------------------
fcount : 96.463k (3.99377e-164 % of compl. enum.)
n_c/np : 0.303502 (=n_c/np with n_c = 78, np = 257)
Qmod   : 0.252078
Q      : 0.44442
----------------------------------------------------
fcount : 97.097k (4.02002e-164 % of compl. enum.)
n_c/np : 0.299611 (=n_c/np with n_c = 77, np = 257)
Qmod   : 0.2545
Q      : 0.445889
----------------------------------------------------
fcount : 97.622k (4.04176e-164 % of compl. enum.)
n_c/np : 0.299611 (=n_c/np with n_c = 77, np = 257)
Qmod   : 0.254394
Q      : 0.445995
----------------------------------------------------
fcount : 98.015k (4.05803e-164 % of compl. enum.)
n_c/np : 0.299611 (=n_c/np with n_c = 77, np = 257)
Qmod   : 0.253463
Q      : 0.446926
----------------------------------------------------
fcount : 99.422k (4.11628e-164 % of compl. enum.)
n_c/np : 0.299611 (=n_c/np with n_c = 77, np = 257)
Qmod   : 0.251442
Q      : 0.448947
----------------------------------------------------
fcount : 101.422k (4.19908e-164 % of compl. enum.)
n_c/np : 0.299611 (=n_c/np with n_c = 77, np = 257)
Qmod   : 0.251404
Q      : 0.448985
----------------------------------------------------
fcount : 101.671k (4.20939e-164 % of compl. enum.)
n_c/np : 0.287938 (=n_c/np with n_c = 74, np = 257)
Qmod   : 0.25288
Q      : 0.459182
----------------------------------------------------
fcount : 105.075k (4.35033e-164 % of compl. enum.)
n_c/np : 0.287938 (=n_c/np with n_c = 74, np = 257)
Qmod   : 0.251881
Q      : 0.460181
----------------------------------------------------
fcount : 105.706k (4.37645e-164 % of compl. enum.)
n_c/np : 0.284047 (=n_c/np with n_c = 73, np = 257)
Qmod   : 0.251745
Q      : 0.464208
----------------------------------------------------
fcount : 107.71k (4.45942e-164 % of compl. enum.)
n_c/np : 0.280156 (=n_c/np with n_c = 72, np = 257)
Qmod   : 0.254803
Q      : 0.465041
----------------------------------------------------
fcount : 112.021k (4.63791e-164 % of compl. enum.)
n_c/np : 0.272374 (=n_c/np with n_c = 70, np = 257)
Qmod   : 0.252245
Q      : 0.475382
----------------------------------------------------
fcount : 118.559k (4.90859e-164 % of compl. enum.)
n_c/np : 0.272374 (=n_c/np with n_c = 70, np = 257)
Qmod   : 0.251699
Q      : 0.475927
----------------------------------------------------
fcount : 119.172k (4.93397e-164 % of compl. enum.)
n_c/np : 0.268482 (=n_c/np with n_c = 69, np = 257)
Qmod   : 0.253971
Q      : 0.477547
----------------------------------------------------
fcount : 120.471k (4.98775e-164 % of compl. enum.)
n_c/np : 0.2607 (=n_c/np with n_c = 67, np = 257)
Qmod   : 0.25494
Q      : 0.48436
----------------------------------------------------
fcount : 122.092k (5.05487e-164 % of compl. enum.)
n_c/np : 0.2607 (=n_c/np with n_c = 67, np = 257)
Qmod   : 0.254834
Q      : 0.484466
----------------------------------------------------
fcount : 124.161k (5.14053e-164 % of compl. enum.)
n_c/np : 0.256809 (=n_c/np with n_c = 66, np = 257)
Qmod   : 0.256847
Q      : 0.486343
----------------------------------------------------
fcount : 126.884k (5.25327e-164 % of compl. enum.)
n_c/np : 0.256809 (=n_c/np with n_c = 66, np = 257)
Qmod   : 0.25313
Q      : 0.49006
----------------------------------------------------
fcount : 132.455k (5.48392e-164 % of compl. enum.)
n_c/np : 0.252918 (=n_c/np with n_c = 65, np = 257)
Qmod   : 0.253425
Q      : 0.493656
----------------------------------------------------
fcount : 136.065k (5.63338e-164 % of compl. enum.)
n_c/np : 0.237354 (=n_c/np with n_c = 61, np = 257)
Qmod   : 0.255825
Q      : 0.506821
----------------------------------------------------
fcount : 151.052k (6.25387e-164 % of compl. enum.)
n_c/np : 0.237354 (=n_c/np with n_c = 61, np = 257)
Qmod   : 0.254493
Q      : 0.508153
----------------------------------------------------
fcount : 156.97k (6.49889e-164 % of compl. enum.)
n_c/np : 0.233463 (=n_c/np with n_c = 60, np = 257)
Qmod   : 0.255432
Q      : 0.511105
----------------------------------------------------
fcount : 157.294k (6.5123e-164 % of compl. enum.)
n_c/np : 0.233463 (=n_c/np with n_c = 60, np = 257)
Qmod   : 0.25419
Q      : 0.512347
----------------------------------------------------
fcount : 160.026k (6.62541e-164 % of compl. enum.)
n_c/np : 0.233463 (=n_c/np with n_c = 60, np = 257)
Qmod   : 0.253622
Q      : 0.512915
----------------------------------------------------
fcount : 161.722k (6.69563e-164 % of compl. enum.)
n_c/np : 0.229572 (=n_c/np with n_c = 59, np = 257)
Qmod   : 0.255666
Q      : 0.514762
----------------------------------------------------
fcount : 164.34k (6.80402e-164 % of compl. enum.)
n_c/np : 0.229572 (=n_c/np with n_c = 59, np = 257)
Qmod   : 0.25413
Q      : 0.516299
----------------------------------------------------
fcount : 167.193k (6.92214e-164 % of compl. enum.)
n_c/np : 0.217899 (=n_c/np with n_c = 56, np = 257)
Qmod   : 0.253736
Q      : 0.528365
----------------------------------------------------
fcount : 176.161k (7.29344e-164 % of compl. enum.)
n_c/np : 0.217899 (=n_c/np with n_c = 56, np = 257)
Qmod   : 0.253002
Q      : 0.5291
----------------------------------------------------
fcount : 185.266k (7.6704e-164 % of compl. enum.)
n_c/np : 0.210117 (=n_c/np with n_c = 54, np = 257)
Qmod   : 0.251374
Q      : 0.538509
----------------------------------------------------
fcount : 197.019k (8.157e-164 % of compl. enum.)
n_c/np : 0.202335 (=n_c/np with n_c = 52, np = 257)
Qmod   : 0.252494
Q      : 0.545171
----------------------------------------------------
fcount : 204.592k (8.47054e-164 % of compl. enum.)
n_c/np : 0.202335 (=n_c/np with n_c = 52, np = 257)
Qmod   : 0.251578
Q      : 0.546087
----------------------------------------------------
fcount : 205.38k (8.50316e-164 % of compl. enum.)
n_c/np : 0.198444 (=n_c/np with n_c = 51, np = 257)
Qmod   : 0.254712
Q      : 0.546844
----------------------------------------------------
fcount : 210.022k (8.69535e-164 % of compl. enum.)
n_c/np : 0.198444 (=n_c/np with n_c = 51, np = 257)
Qmod   : 0.252502
Q      : 0.549054
----------------------------------------------------
fcount : 214.732k (8.89036e-164 % of compl. enum.)
n_c/np : 0.198444 (=n_c/np with n_c = 51, np = 257)
Qmod   : 0.251654
Q      : 0.549902
----------------------------------------------------
fcount : 215.864k (8.93722e-164 % of compl. enum.)
n_c/np : 0.194553 (=n_c/np with n_c = 50, np = 257)
Qmod   : 0.254379
Q      : 0.551068
----------------------------------------------------
fcount : 220.677k (9.13649e-164 % of compl. enum.)
n_c/np : 0.194553 (=n_c/np with n_c = 50, np = 257)
Qmod   : 0.254198
Q      : 0.55125
----------------------------------------------------
fcount : 223.401k (9.24927e-164 % of compl. enum.)
n_c/np : 0.194553 (=n_c/np with n_c = 50, np = 257)
Qmod   : 0.251639
Q      : 0.553809
----------------------------------------------------
fcount : 225.002k (9.31556e-164 % of compl. enum.)
n_c/np : 0.190661 (=n_c/np with n_c = 49, np = 257)
Qmod   : 0.252214
Q      : 0.557124
----------------------------------------------------
fcount : 230.189k (9.53031e-164 % of compl. enum.)
n_c/np : 0.190661 (=n_c/np with n_c = 49, np = 257)
Qmod   : 0.251594
Q      : 0.557745
----------------------------------------------------
fcount : 240.217k (9.94549e-164 % of compl. enum.)
n_c/np : 0.18677 (=n_c/np with n_c = 48, np = 257)
Qmod   : 0.253516
Q      : 0.559713
----------------------------------------------------
fcount : 243.223k (1.00699e-163 % of compl. enum.)
n_c/np : 0.18677 (=n_c/np with n_c = 48, np = 257)
Qmod   : 0.252653
Q      : 0.560576
----------------------------------------------------
fcount : 249.847k (1.03442e-163 % of compl. enum.)
n_c/np : 0.182879 (=n_c/np with n_c = 47, np = 257)
Qmod   : 0.252623
Q      : 0.564498
----------------------------------------------------
fcount : 254.115k (1.05209e-163 % of compl. enum.)
n_c/np : 0.182879 (=n_c/np with n_c = 47, np = 257)
Qmod   : 0.251836
Q      : 0.565285
----------------------------------------------------
fcount : 267.773k (1.10864e-163 % of compl. enum.)
n_c/np : 0.182879 (=n_c/np with n_c = 47, np = 257)
Qmod   : 0.25179
Q      : 0.56533
----------------------------------------------------
fcount : 270.516k (1.11999e-163 % of compl. enum.)
n_c/np : 0.182879 (=n_c/np with n_c = 47, np = 257)
Qmod   : 0.251578
Q      : 0.565542
----------------------------------------------------
fcount : 275.876k (1.14218e-163 % of compl. enum.)
n_c/np : 0.182879 (=n_c/np with n_c = 47, np = 257)
Qmod   : 0.251518
Q      : 0.565603
----------------------------------------------------
fcount : 276.168k (1.14339e-163 % of compl. enum.)
n_c/np : 0.182879 (=n_c/np with n_c = 47, np = 257)
Qmod   : 0.250988
Q      : 0.566133
----------------------------------------------------
fcount : 277.214k (1.14772e-163 % of compl. enum.)
n_c/np : 0.178988 (=n_c/np with n_c = 46, np = 257)
Qmod   : 0.252865
Q      : 0.568146
----------------------------------------------------
fcount : 288.357k (1.19386e-163 % of compl. enum.)
n_c/np : 0.178988 (=n_c/np with n_c = 46, np = 257)
Qmod   : 0.252532
Q      : 0.568479
----------------------------------------------------
fcount : 290.135k (1.20122e-163 % of compl. enum.)
n_c/np : 0.175097 (=n_c/np with n_c = 45, np = 257)
Qmod   : 0.251836
Q      : 0.573067
----------------------------------------------------
fcount : 305.095k (1.26316e-163 % of compl. enum.)
n_c/np : 0.175097 (=n_c/np with n_c = 45, np = 257)
Qmod   : 0.251245
Q      : 0.573657
----------------------------------------------------
fcount : 321.7k (1.33191e-163 % of compl. enum.)
n_c/np : 0.175097 (=n_c/np with n_c = 45, np = 257)
Qmod   : 0.250458
Q      : 0.574445
----------------------------------------------------
fcount : 331.08k (1.37074e-163 % of compl. enum.)
n_c/np : 0.171206 (=n_c/np with n_c = 44, np = 257)
Qmod   : 0.251033
Q      : 0.57776
----------------------------------------------------
fcount : 340.808k (1.41102e-163 % of compl. enum.)
n_c/np : 0.171206 (=n_c/np with n_c = 44, np = 257)
Qmod   : 0.250927
Q      : 0.577866
----------------------------------------------------
fcount : 348.614k (1.44334e-163 % of compl. enum.)
n_c/np : 0.171206 (=n_c/np with n_c = 44, np = 257)
Qmod   : 0.250882
Q      : 0.577912
----------------------------------------------------
fcount : 353.367k (1.46301e-163 % of compl. enum.)
n_c/np : 0.171206 (=n_c/np with n_c = 44, np = 257)
Qmod   : 0.25067
Q      : 0.578124
----------------------------------------------------
fcount : 363.265k (1.50399e-163 % of compl. enum.)
n_c/np : 0.171206 (=n_c/np with n_c = 44, np = 257)
Qmod   : 0.250625
Q      : 0.578169
----------------------------------------------------
fcount : 365.117k (1.51166e-163 % of compl. enum.)
n_c/np : 0.171206 (=n_c/np with n_c = 44, np = 257)
Qmod   : 0.250549
Q      : 0.578245
----------------------------------------------------
fcount : 367.661k (1.52219e-163 % of compl. enum.)
n_c/np : 0.171206 (=n_c/np with n_c = 44, np = 257)
Qmod   : 0.250413
Q      : 0.578381
----------------------------------------------------
fcount : 376.579k (1.55912e-163 % of compl. enum.)
n_c/np : 0.171206 (=n_c/np with n_c = 44, np = 257)
Qmod   : 0.250397
Q      : 0.578396
----------------------------------------------------
fcount : 377.042k (1.56103e-163 % of compl. enum.)
n_c/np : 0.167315 (=n_c/np with n_c = 43, np = 257)
Qmod   : 0.250867
Q      : 0.581818
----------------------------------------------------
fcount : 380.738k (1.57634e-163 % of compl. enum.)
n_c/np : 0.167315 (=n_c/np with n_c = 43, np = 257)
Qmod   : 0.250776
Q      : 0.581909
----------------------------------------------------
fcount : 386.707k (1.60105e-163 % of compl. enum.)
n_c/np : 0.167315 (=n_c/np with n_c = 43, np = 257)
Qmod   : 0.250382
Q      : 0.582303
----------------------------------------------------
fcount : 402.989k (1.66846e-163 % of compl. enum.)
n_c/np : 0.167315 (=n_c/np with n_c = 43, np = 257)
Qmod   : 0.250307
Q      : 0.582378
----------------------------------------------------
fcount : 411.413k (1.70334e-163 % of compl. enum.)
n_c/np : 0.163424 (=n_c/np with n_c = 42, np = 257)
Qmod   : 0.251139
Q      : 0.585437
----------------------------------------------------
fcount : 419.776k (1.73796e-163 % of compl. enum.)
n_c/np : 0.163424 (=n_c/np with n_c = 42, np = 257)
Qmod   : 0.250912
Q      : 0.585664
----------------------------------------------------
fcount : 424.711k (1.75839e-163 % of compl. enum.)
n_c/np : 0.163424 (=n_c/np with n_c = 42, np = 257)
Qmod   : 0.250837
Q      : 0.585739
----------------------------------------------------
fcount : 426.783k (1.76697e-163 % of compl. enum.)
n_c/np : 0.163424 (=n_c/np with n_c = 42, np = 257)
Qmod   : 0.250761
Q      : 0.585815
----------------------------------------------------
fcount : 432.394k (1.7902e-163 % of compl. enum.)
n_c/np : 0.163424 (=n_c/np with n_c = 42, np = 257)
Qmod   : 0.250193
Q      : 0.586383
----------------------------------------------------
fcount : 452.068k (1.87166e-163 % of compl. enum.)
n_c/np : 0.159533 (=n_c/np with n_c = 41, np = 257)
Qmod   : 0.250655
Q      : 0.589812
----------------------------------------------------
fcount : 452.418k (1.87311e-163 % of compl. enum.)
n_c/np : 0.159533 (=n_c/np with n_c = 41, np = 257)
Qmod   : 0.250534
Q      : 0.589933
----------------------------------------------------
fcount : 477.732k (1.97791e-163 % of compl. enum.)
n_c/np : 0.155642 (=n_c/np with n_c = 40, np = 257)
Qmod   : 0.250216
Q      : 0.594142
----------------------------------------------------
fcount : 481.172k (1.99215e-163 % of compl. enum.)
n_c/np : 0.155642 (=n_c/np with n_c = 40, np = 257)
Qmod   : 0.250042
Q      : 0.594316
----------------------------------------------------
fcount : 517.868k (2.14408e-163 % of compl. enum.)
n_c/np : 0.155642 (=n_c/np with n_c = 40, np = 257)
Qmod   : 0.250019
Q      : 0.594339
----------------------------------------------------
fcount : 521.122k (2.15755e-163 % of compl. enum.)
n_c/np : 0.155642 (=n_c/np with n_c = 40, np = 257)
Qmod   : 0.250011
Q      : 0.594347
----------------------------------------------------
fcount : 545.447k (2.25827e-163 % of compl. enum.)
n_c/np : 0.155642 (=n_c/np with n_c = 40, np = 257)
Qmod   : 0.250004
Q      : 0.594354
----------------------------------------------------
fcount : 573.92k (2.37615e-163 % of compl. enum.)
n_c/np : 0.151751 (=n_c/np with n_c = 39, np = 257)
Qmod   : 0.250155
Q      : 0.598094
----------------------------------------------------
fcount : 579.188k (2.39796e-163 % of compl. enum.)
n_c/np : 0.151751 (=n_c/np with n_c = 39, np = 257)
Qmod   : 0.250155
Q      : 0.598094
----------------------------------------------------
fcount : 600.054k (2.48435e-163 % of compl. enum.)
n_c/np : 0.151751 (=n_c/np with n_c = 39, np = 257)
Qmod   : 0.250079
Q      : 0.59817
----------------------------------------------------
fcount : 610.997k (2.52966e-163 % of compl. enum.)
n_c/np : 0.151751 (=n_c/np with n_c = 39, np = 257)
Qmod   : 0.250064
Q      : 0.598185
----------------------------------------------------
fcount : 624.375k (2.58504e-163 % of compl. enum.)
n_c/np : 0.14786 (=n_c/np with n_c = 38, np = 257)
Qmod   : 0.250314
Q      : 0.601826
----------------------------------------------------
fcount : 666.662k (2.76012e-163 % of compl. enum.)
n_c/np : 0.14786 (=n_c/np with n_c = 38, np = 257)
Qmod   : 0.250291
Q      : 0.601849
----------------------------------------------------
fcount : 705.1k (2.91926e-163 % of compl. enum.)
n_c/np : 0.14786 (=n_c/np with n_c = 38, np = 257)
Qmod   : 0.250193
Q      : 0.601947
----------------------------------------------------
fcount : 713.439k (2.95379e-163 % of compl. enum.)
n_c/np : 0.14786 (=n_c/np with n_c = 38, np = 257)
Qmod   : 0.250163
Q      : 0.601977
----------------------------------------------------
fcount : 714.634k (2.95874e-163 % of compl. enum.)
n_c/np : 0.14786 (=n_c/np with n_c = 38, np = 257)
Qmod   : 0.250102
Q      : 0.602038
----------------------------------------------------
fcount : 719.432k (2.9786e-163 % of compl. enum.)
n_c/np : 0.14786 (=n_c/np with n_c = 38, np = 257)
Qmod   : 0.250049
Q      : 0.602091
----------------------------------------------------
fcount : 723.783k (2.99661e-163 % of compl. enum.)
n_c/np : 0.14786 (=n_c/np with n_c = 38, np = 257)
Qmod   : 0.250042
Q      : 0.602098
----------------------------------------------------
fcount : 734.401k (3.04057e-163 % of compl. enum.)
n_c/np : 0.14786 (=n_c/np with n_c = 38, np = 257)
Qmod   : 0.250034
Q      : 0.602106
----------------------------------------------------
fcount : 735.041k (3.04322e-163 % of compl. enum.)
n_c/np : 0.14786 (=n_c/np with n_c = 38, np = 257)
Qmod   : 0.250004
Q      : 0.602136
----------------------------------------------------
fcount : 753.471k (3.11953e-163 % of compl. enum.)
n_c/np : 0.143969 (=n_c/np with n_c = 37, np = 257)
Qmod   : 0.250867
Q      : 0.605164
----------------------------------------------------
fcount : 765.211k (3.16813e-163 % of compl. enum.)
n_c/np : 0.143969 (=n_c/np with n_c = 37, np = 257)
Qmod   : 0.250261
Q      : 0.60577
----------------------------------------------------
fcount : 772.056k (3.19647e-163 % of compl. enum.)
n_c/np : 0.140078 (=n_c/np with n_c = 36, np = 257)
Qmod   : 0.251033
Q      : 0.608889
----------------------------------------------------
fcount : 819.637k (3.39347e-163 % of compl. enum.)
n_c/np : 0.140078 (=n_c/np with n_c = 36, np = 257)
Qmod   : 0.250988
Q      : 0.608934
----------------------------------------------------
fcount : 859.608k (3.55896e-163 % of compl. enum.)
n_c/np : 0.140078 (=n_c/np with n_c = 36, np = 257)
Qmod   : 0.250579
Q      : 0.609343
----------------------------------------------------
fcount : 860.423k (3.56233e-163 % of compl. enum.)
n_c/np : 0.140078 (=n_c/np with n_c = 36, np = 257)
Qmod   : 0.250155
Q      : 0.609767
----------------------------------------------------
fcount : 913.665k (3.78277e-163 % of compl. enum.)
n_c/np : 0.136187 (=n_c/np with n_c = 35, np = 257)
Qmod   : 0.250125
Q      : 0.613688
----------------------------------------------------
fcount : 935.538k (3.87332e-163 % of compl. enum.)
n_c/np : 0.136187 (=n_c/np with n_c = 35, np = 257)
Qmod   : 0.250079
Q      : 0.613734
----------------------------------------------------
fcount : 943.3k (3.90546e-163 % of compl. enum.)
n_c/np : 0.136187 (=n_c/np with n_c = 35, np = 257)
Qmod   : 0.250064
Q      : 0.613749
----------------------------------------------------
fcount : 984.589k (4.07641e-163 % of compl. enum.)
n_c/np : 0.136187 (=n_c/np with n_c = 35, np = 257)
Qmod   : 0.250034
Q      : 0.613779
----------------------------------------------------
fcount : 1.00092M (4.14401e-163 % of compl. enum.)
n_c/np : 0.136187 (=n_c/np with n_c = 35, np = 257)
Qmod   : 0.250019
Q      : 0.613794
----------------------------------------------------
fcount : 1.01421M (4.19902e-163 % of compl. enum.)
n_c/np : 0.136187 (=n_c/np with n_c = 35, np = 257)
Qmod   : 0.250004
Q      : 0.613809
----------------------------------------------------
fcount : 1.0173M (4.21184e-163 % of compl. enum.)
n_c/np : 0.132296 (=n_c/np with n_c = 34, np = 257)
Qmod   : 0.250382
Q      : 0.617322
----------------------------------------------------
fcount : 1.02295M (4.23522e-163 % of compl. enum.)
n_c/np : 0.132296 (=n_c/np with n_c = 34, np = 257)
Qmod   : 0.250337
Q      : 0.617367
----------------------------------------------------
fcount : 1.02443M (4.24136e-163 % of compl. enum.)
n_c/np : 0.132296 (=n_c/np with n_c = 34, np = 257)
Qmod   : 0.250291
Q      : 0.617413
----------------------------------------------------
fcount : 1.02784M (4.25547e-163 % of compl. enum.)
n_c/np : 0.132296 (=n_c/np with n_c = 34, np = 257)
Qmod   : 0.250034
Q      : 0.61767
----------------------------------------------------
fcount : 1.02837M (4.25766e-163 % of compl. enum.)
n_c/np : 0.128405 (=n_c/np with n_c = 33, np = 257)
Qmod   : 0.250291
Q      : 0.621304
----------------------------------------------------
fcount : 1.0566M (4.37456e-163 % of compl. enum.)
n_c/np : 0.128405 (=n_c/np with n_c = 33, np = 257)
Qmod   : 0.250231
Q      : 0.621364
----------------------------------------------------
fcount : 1.06429M (4.40637e-163 % of compl. enum.)
n_c/np : 0.128405 (=n_c/np with n_c = 33, np = 257)
Qmod   : 0.250155
Q      : 0.62144
----------------------------------------------------
fcount : 1.07783M (4.46243e-163 % of compl. enum.)
n_c/np : 0.128405 (=n_c/np with n_c = 33, np = 257)
Qmod   : 0.250079
Q      : 0.621516
----------------------------------------------------
fcount : 1.11415M (4.61281e-163 % of compl. enum.)
n_c/np : 0.128405 (=n_c/np with n_c = 33, np = 257)
Qmod   : 0.250064
Q      : 0.621531
----------------------------------------------------
fcount : 1.12258M (4.64771e-163 % of compl. enum.)
n_c/np : 0.128405 (=n_c/np with n_c = 33, np = 257)
Qmod   : 0.250019
Q      : 0.621576
----------------------------------------------------
fcount : 1.14078M (4.72305e-163 % of compl. enum.)
n_c/np : 0.124514 (=n_c/np with n_c = 32, np = 257)
Qmod   : 0.250193
Q      : 0.625293
----------------------------------------------------
fcount : 1.16764M (4.83427e-163 % of compl. enum.)
n_c/np : 0.124514 (=n_c/np with n_c = 32, np = 257)
Qmod   : 0.250102
Q      : 0.625384
----------------------------------------------------
fcount : 1.17551M (4.86684e-163 % of compl. enum.)
n_c/np : 0.124514 (=n_c/np with n_c = 32, np = 257)
Qmod   : 0.250011
Q      : 0.625475
----------------------------------------------------
fcount : 1.21583M (5.03379e-163 % of compl. enum.)
n_c/np : 0.124514 (=n_c/np with n_c = 32, np = 257)
Qmod   : 0.250004
Q      : 0.625483
----------------------------------------------------
fcount : 14.4814M (5.99563e-162 % of compl. enum.)
n_c/np : 0.120623 (=n_c/np with n_c = 31, np = 257)
Qmod   : 0.250155
Q      : 0.629222
----------------------------------------------------
fcount : 14.5588M (6.02765e-162 % of compl. enum.)
n_c/np : 0.120623 (=n_c/np with n_c = 31, np = 257)
Qmod   : 0.250049
Q      : 0.629328
----------------------------------------------------
fcount : 14.5978M (6.04378e-162 % of compl. enum.)
n_c/np : 0.120623 (=n_c/np with n_c = 31, np = 257)
Qmod   : 0.250034
Q      : 0.629343
----------------------------------------------------
fcount : 14.6274M (6.05605e-162 % of compl. enum.)
n_c/np : 0.120623 (=n_c/np with n_c = 31, np = 257)
Qmod   : 0.250019
Q      : 0.629359
----------------------------------------------------
fcount : 14.65M (6.06543e-162 % of compl. enum.)
n_c/np : 0.120623 (=n_c/np with n_c = 31, np = 257)
Qmod   : 0.250004
Q      : 0.629374
----------------------------------------------------
fcount : 15.6325M (6.4722e-162 % of compl. enum.)
n_c/np : 0.116732 (=n_c/np with n_c = 30, np = 257)
Qmod   : 0.250072
Q      : 0.633197
----------------------------------------------------
fcount : 15.7821M (6.53414e-162 % of compl. enum.)
n_c/np : 0.116732 (=n_c/np with n_c = 30, np = 257)
Qmod   : 0.250042
Q      : 0.633227
----------------------------------------------------
fcount : 15.8205M (6.55004e-162 % of compl. enum.)
n_c/np : 0.116732 (=n_c/np with n_c = 30, np = 257)
Qmod   : 0.250011
Q      : 0.633257
----------------------------------------------------
fcount : 15.8621M (6.56726e-162 % of compl. enum.)
n_c/np : 0.116732 (=n_c/np with n_c = 30, np = 257)
Qmod   : 0.250004
Q      : 0.633265
----------------------------------------------------
fcount : 16.4763M (6.82154e-162 % of compl. enum.)
n_c/np : 0.11284 (=n_c/np with n_c = 29, np = 257)
Qmod   : 0.250011
Q      : 0.637148
----------------------------------------------------
fcount : 16.6255M (6.88332e-162 % of compl. enum.)
n_c/np : 0.11284 (=n_c/np with n_c = 29, np = 257)
Qmod   : 0.250004
Q      : 0.637156
----------------------------------------------------